2017-01-11 16:39:50,179 [Worker-0] INFO  c.g.t.t.d.PublishedGradleVersions - Gradle version information cache is up-to-date. Trying to read.
2017-01-11 16:41:23,715 [Worker-1] INFO  c.g.t.t.d.PublishedGradleVersions - Gradle version information cache is up-to-date. Trying to read.
2017-01-13 16:08:37,642 [Worker-0] INFO  c.g.t.t.d.PublishedGradleVersions - Gradle version information cache is out-of-date. Trying to update.
2017-01-13 16:09:11,637 [Worker-1] INFO  c.g.t.t.d.PublishedGradleVersions - Gradle version information cache is up-to-date. Trying to read.
2017-01-13 16:51:30,437 [Worker-0] INFO  c.g.t.t.d.PublishedGradleVersions - Gradle version information cache is up-to-date. Trying to read.
2017-01-16 11:43:10,782 [Worker-3] INFO  c.g.t.t.d.PublishedGradleVersions - Gradle version information cache is out-of-date. Trying to update.
2017-01-23 10:44:30,324 [Worker-2] INFO  c.g.t.t.d.PublishedGradleVersions - Gradle version information cache is out-of-date. Trying to update.
2017-01-23 11:24:57,584 [Worker-1] INFO  c.g.t.t.d.PublishedGradleVersions - Gradle version information cache is up-to-date. Trying to read.
2017-01-23 15:28:24,299 [Thread-7] ERROR org.eclipse.jgit.util.FS - 

Agreeing to the Xcode/iOS license requires admin privileges, please re-run as root via sudo.



2017-01-23 15:28:24,392 [Thread-10] ERROR org.eclipse.jgit.util.FS - 

Agreeing to the Xcode/iOS license requires admin privileges, please re-run as root via sudo.



2017-01-23 15:28:24,486 [Worker-3] INFO  c.g.t.t.d.PublishedGradleVersions - Gradle version information cache is up-to-date. Trying to read.
2017-01-23 15:53:37,962 [Worker-0] INFO  c.g.t.t.d.PublishedGradleVersions - Gradle version information cache is up-to-date. Trying to read.
2017-01-23 15:53:39,877 [Thread-10] ERROR org.eclipse.jgit.util.FS - 

Agreeing to the Xcode/iOS license requires admin privileges, please re-run as root via sudo.



2017-01-23 15:53:40,036 [Thread-11] ERROR org.eclipse.jgit.util.FS - 

Agreeing to the Xcode/iOS license requires admin privileges, please re-run as root via sudo.



2017-01-23 16:25:48,927 [Worker-0] INFO  c.g.t.t.d.PublishedGradleVersions - Gradle version information cache is up-to-date. Trying to read.
2017-01-23 16:25:50,956 [Thread-10] ERROR org.eclipse.jgit.util.FS - 

Agreeing to the Xcode/iOS license requires admin privileges, please re-run as root via sudo.



2017-01-23 16:25:51,106 [Thread-11] ERROR org.eclipse.jgit.util.FS - 

Agreeing to the Xcode/iOS license requires admin privileges, please re-run as root via sudo.



2017-01-23 17:58:54,033 [Worker-2] INFO  c.g.t.t.d.PublishedGradleVersions - Gradle version information cache is up-to-date. Trying to read.
2017-01-23 17:58:55,739 [Thread-10] ERROR org.eclipse.jgit.util.FS - 

Agreeing to the Xcode/iOS license requires admin privileges, please re-run as root via sudo.



2017-01-23 17:58:55,856 [Thread-11] ERROR org.eclipse.jgit.util.FS - 

Agreeing to the Xcode/iOS license requires admin privileges, please re-run as root via sudo.



2017-01-23 18:17:36,612 [Worker-3] INFO  c.g.t.t.d.PublishedGradleVersions - Gradle version information cache is up-to-date. Trying to read.
2017-01-23 18:17:38,517 [Thread-10] ERROR org.eclipse.jgit.util.FS - 

Agreeing to the Xcode/iOS license requires admin privileges, please re-run as root via sudo.



2017-01-23 18:17:38,658 [Thread-11] ERROR org.eclipse.jgit.util.FS - 

Agreeing to the Xcode/iOS license requires admin privileges, please re-run as root via sudo.



2017-01-23 18:34:36,593 [Worker-0] INFO  c.g.t.t.d.PublishedGradleVersions - Gradle version information cache is up-to-date. Trying to read.
2017-01-23 18:34:39,703 [Thread-10] ERROR org.eclipse.jgit.util.FS - 2017-01-23 18:34:39.084 xcodebuild[28601:2835570] [MT] PluginLoading: Required plug-in compatibility UUID E0A62D1F-3C18-4D74-BFE5-A4167D643966 for plug-in at path '~/Library/Application Support/Developer/Shared/Xcode/Plug-ins/Alcatraz.xcplugin' not present in DVTPlugInCompatibilityUUIDs

2017-01-23 18:41:43,345 [Worker-2] INFO  c.g.t.t.d.PublishedGradleVersions - Gradle version information cache is up-to-date. Trying to read.
2017-01-23 18:52:22,044 [Worker-1] INFO  c.g.t.t.d.PublishedGradleVersions - Gradle version information cache is up-to-date. Trying to read.
2017-01-24 12:19:58,855 [Worker-1] INFO  c.g.t.t.d.PublishedGradleVersions - Gradle version information cache is out-of-date. Trying to update.
2017-01-27 18:42:14,446 [Worker-0] INFO  c.g.t.t.d.PublishedGradleVersions - Gradle version information cache is out-of-date. Trying to update.
2017-01-30 12:29:37,787 [Worker-2] INFO  c.g.t.t.d.PublishedGradleVersions - Gradle version information cache is out-of-date. Trying to update.
2017-01-30 13:48:41,918 [Worker-1] INFO  c.g.t.t.d.PublishedGradleVersions - Gradle version information cache is up-to-date. Trying to read.
2017-01-30 14:09:26,204 [Worker-1] INFO  c.g.t.t.d.PublishedGradleVersions - Gradle version information cache is up-to-date. Trying to read.
2017-01-31 09:27:50,443 [Worker-0] INFO  c.g.t.t.d.PublishedGradleVersions - Gradle version information cache is up-to-date. Trying to read.
2017-01-31 09:31:59,994 [Worker-2] INFO  c.g.t.t.d.PublishedGradleVersions - Gradle version information cache is up-to-date. Trying to read.
2017-01-31 10:04:26,939 [Worker-2] INFO  c.g.t.t.d.PublishedGradleVersions - Gradle version information cache is up-to-date. Trying to read.
2017-02-05 12:25:33,033 [Worker-2] INFO  c.g.t.t.d.PublishedGradleVersions - Gradle version information cache is out-of-date. Trying to update.
2017-02-05 12:25:36,399 [Thread-7] ERROR org.eclipse.jgit.util.FS - 2017-02-05 12:25:35.331 xcodebuild[1965:408408] [MT] PluginLoading: Required plug-in compatibility UUID E0A62D1F-3C18-4D74-BFE5-A4167D643966 for plug-in at path '~/Library/Application Support/Developer/Shared/Xcode/Plug-ins/Alcatraz.xcplugin' not present in DVTPlugInCompatibilityUUIDs

2017-02-05 14:20:54,734 [Worker-1] INFO  c.g.t.t.d.PublishedGradleVersions - Gradle version information cache is up-to-date. Trying to read.
2017-02-05 15:38:07,309 [Worker-0] INFO  c.g.t.t.d.PublishedGradleVersions - Gradle version information cache is up-to-date. Trying to read.
2017-02-05 17:32:10,174 [Worker-1] INFO  c.g.t.t.d.PublishedGradleVersions - Gradle version information cache is up-to-date. Trying to read.
2017-02-05 17:52:17,668 [Worker-0] INFO  c.g.t.t.d.PublishedGradleVersions - Gradle version information cache is up-to-date. Trying to read.
2017-02-05 17:57:22,074 [Worker-1] INFO  c.g.t.t.d.PublishedGradleVersions - Gradle version information cache is up-to-date. Trying to read.
2017-02-07 09:18:39,103 [Thread-5] ERROR org.eclipse.jgit.util.FS - 2017-02-07 09:18:38.387 xcodebuild[517:6301] [MT] PluginLoading: Required plug-in compatibility UUID E0A62D1F-3C18-4D74-BFE5-A4167D643966 for plug-in at path '~/Library/Application Support/Developer/Shared/Xcode/Plug-ins/Alcatraz.xcplugin' not present in DVTPlugInCompatibilityUUIDs

2017-02-07 09:18:42,311 [Worker-0] INFO  c.g.t.t.d.PublishedGradleVersions - Gradle version information cache is out-of-date. Trying to update.
2017-02-07 09:33:38,753 [Worker-2] INFO  c.g.t.t.d.PublishedGradleVersions - Gradle version information cache is up-to-date. Trying to read.
2017-02-12 18:01:42,091 [Worker-3] INFO  c.g.t.t.d.PublishedGradleVersions - Gradle version information cache is out-of-date. Trying to update.
2017-02-12 18:01:45,329 [Thread-7] ERROR org.eclipse.jgit.util.FS - 2017-02-12 18:01:44.632 xcodebuild[4345:636496] [MT] PluginLoading: Required plug-in compatibility UUID E0A62D1F-3C18-4D74-BFE5-A4167D643966 for plug-in at path '~/Library/Application Support/Developer/Shared/Xcode/Plug-ins/Alcatraz.xcplugin' not present in DVTPlugInCompatibilityUUIDs

